<?xml version="1.0" encoding="UTF-8"?>
<!-- Generated by org.testng.reporters.JUnitReportReporter -->
<testsuite hostname="kishorek-lt" name="io.seetest.pwa.tests.CrossBrowserDeviceTest" tests="4" failures="0" timestamp="11 Dec 2018 08:00:55 GMT" time="75.149" errors="0">
  <testcase name="testCrossBrowserTest" time="15.594" classname="io.seetest.pwa.tests.CrossBrowserDeviceTest"/>
  <testcase name="testCrossBrowserTest" time="17.304" classname="io.seetest.pwa.tests.CrossBrowserDeviceTest"/>
  <testcase name="testCrossBrowserTest" time="19.303" classname="io.seetest.pwa.tests.CrossBrowserDeviceTest"/>
  <testcase name="testCrossBrowserTest" time="22.948" classname="io.seetest.pwa.tests.CrossBrowserDeviceTest"/>
</testsuite> <!-- io.seetest.pwa.tests.CrossBrowserDeviceTest -->
