<?xml version="1.0" encoding="UTF-8"?>
<!-- Generated by org.testng.reporters.JUnitReportReporter -->
<testsuite hostname="kishorek-lt" name="io.seetest.pwa.tests.CrossBrowserWebTest" tests="1" failures="0" timestamp="11 Dec 2018 08:00:55 GMT" time="3.941" errors="0">
  <testcase name="testCrossBrowserTest" time="3.941" classname="io.seetest.pwa.tests.CrossBrowserWebTest"/>
</testsuite> <!-- io.seetest.pwa.tests.CrossBrowserWebTest -->
